<testsuites name="jest tests" tests="1" failures="1" time="0.796">
  <testsuite name="parseArray" errors="0" failures="1" skipped="0" timestamp="2018-03-25T21:47:33" time="0.796" tests="1">
    <testcase classname="parseArray does stuff" name="parseArray does stuff" time="0.011">
      <failure>Error: expect(received).toBe(expected) // Object.is equality

Expected value to be:
  false
Received:
  true
    at Object.it (/Users/user/github/pdf-lib/__tests__/core/pdf-parser/parseArray.spec.ts:5:18)
    at Object.asyncFn (/Users/user/github/pdf-lib/node_modules/jest-jasmine2/build/jasmine_async.js:82:37)
    at resolve (/Users/user/github/pdf-lib/node_modules/jest-jasmine2/build/queue_runner.js:52:12)
    at Promise (&lt;anonymous&gt;)
    at mapper (/Users/user/github/pdf-lib/node_modules/jest-jasmine2/build/queue_runner.js:39:19)
    at promise.then (/Users/user/github/pdf-lib/node_modules/jest-jasmine2/build/queue_runner.js:73:82)
    at &lt;anonymous&gt;
    at process._tickCallback (internal/process/next_tick.js:169:7)</failure>
    </testcase>
  </testsuite>
</testsuites>